mode: atomic
github.com/alesr/adventofcode2022/day1/part1.go:11.43,13.16 2 2
github.com/alesr/adventofcode2022/day1/part1.go:16.2,26.25 5 2
github.com/alesr/adventofcode2022/day1/part1.go:45.2,45.29 1 2
github.com/alesr/adventofcode2022/day1/part1.go:13.16,15.3 1 0
github.com/alesr/adventofcode2022/day1/part1.go:26.25,29.22 2 2258
github.com/alesr/adventofcode2022/day1/part1.go:34.3,35.17 2 2008
github.com/alesr/adventofcode2022/day1/part1.go:39.3,41.33 2 2008
github.com/alesr/adventofcode2022/day1/part1.go:29.22,31.12 2 250
github.com/alesr/adventofcode2022/day1/part1.go:35.17,37.4 1 0
github.com/alesr/adventofcode2022/day1/part1.go:41.33,43.4 1 19
github.com/alesr/adventofcode2022/day1/part2.go:12.43,14.16 2 2
github.com/alesr/adventofcode2022/day1/part2.go:17.2,25.25 6 2
github.com/alesr/adventofcode2022/day1/part2.go:40.2,41.32 2 2
github.com/alesr/adventofcode2022/day1/part2.go:45.2,48.25 3 2
github.com/alesr/adventofcode2022/day1/part2.go:52.2,52.29 1 2
github.com/alesr/adventofcode2022/day1/part2.go:14.16,16.3 1 0
github.com/alesr/adventofcode2022/day1/part2.go:25.25,28.22 2 2258
github.com/alesr/adventofcode2022/day1/part2.go:33.3,34.17 2 2008
github.com/alesr/adventofcode2022/day1/part2.go:37.3,37.29 1 2008
github.com/alesr/adventofcode2022/day1/part2.go:28.22,30.12 2 250
github.com/alesr/adventofcode2022/day1/part2.go:34.17,36.4 1 0
github.com/alesr/adventofcode2022/day1/part2.go:41.32,43.3 1 252
github.com/alesr/adventofcode2022/day1/part2.go:48.25,50.3 1 6
